<?xml version="1.0" encoding="UTF-8"?>
<testng-results skipped="0" failed="0" ignored="0" total="1" passed="1">
  <reporter-output>
  </reporter-output>
  <suite name="Default suite" duration-ms="5975" started-at="2018-07-25T09:30:48Z" finished-at="2018-07-25T09:30:54Z">
    <groups>
    </groups>
    <test name="Default test" duration-ms="5975" started-at="2018-07-25T09:30:48Z" finished-at="2018-07-25T09:30:54Z">
      <class name="HandlingClickOperationWithoutClicking">
        <test-method status="PASS" signature="performClickWithoutClick()[pri:0, instance:HandlingClickOperationWithoutClicking@cb5822]" name="performClickWithoutClick" duration-ms="5920" started-at="2018-07-25T09:30:48Z" finished-at="2018-07-25T09:30:54Z">
          <reporter-output>
          </reporter-output>
        </test-method> <!-- performClickWithoutClick -->
      </class> <!-- HandlingClickOperationWithoutClicking -->
    </test> <!-- Default test -->
  </suite> <!-- Default suite -->
</testng-results>
